[2025-12-02 12:44:03,349] INFO django.utils.autoreload: Watching for file changes with StatReloader
[2025-12-02 12:44:37,130] INFO chats.middleware: Request Log: {'timestamp': '2025-12-02T12:44:37.130062+00:00', 'method': 'GET', 'path': '/api-auth/login/', 'status_code': 200, 'duration_ms': 22, 'user_info': 'Anonymous User', 'remote_addr': '127.0.0.1'}
[2025-12-02 12:44:37,134] INFO django.server: "GET /api-auth/login/ HTTP/1.1" 200 2697
[2025-12-02 12:48:27,113] INFO chats.middleware: Request Log: {'timestamp': '2025-12-02T12:48:27.113605+00:00', 'method': 'GET', 'path': '/api-auth/login/', 'status_code': 200, 'duration_ms': 4, 'user_info': 'Anonymous User', 'remote_addr': '127.0.0.1'}
[2025-12-02 12:48:27,119] INFO django.server: "GET /api-auth/login/ HTTP/1.1" 200 2697
[2025-12-02 12:48:59,211] ERROR django.request: Internal Server Error: /api-auth/login/
Traceback (most recent call last):
  File "/home/ulrich/ALX_PRODEV/alx-backend-python/messaging_app/messaging-env/lib/python3.12/site-packages/django/core/handlers/exception.py", line 55, in inner
    response = get_response(request)
               ^^^^^^^^^^^^^^^^^^^^^
  File "/home/ulrich/ALX_PRODEV/alx-backend-python/Django-Middleware-0x03/chats/middleware.py", line 22, in __call__
    user_info = f'User ID: {user.id}, Username: {user.username}' if user else 'Anonymous User'
                            ^^^^^^^
AttributeError: 'User' object has no attribute 'id'
[2025-12-02 12:48:59,214] ERROR django.server: "POST /api-auth/login/ HTTP/1.1" 500 71389
[2025-12-02 12:50:07,620] INFO django.utils.autoreload: /home/ulrich/ALX_PRODEV/alx-backend-python/Django-Middleware-0x03/chats/models.py changed, reloading.
[2025-12-02 12:50:08,288] INFO django.utils.autoreload: Watching for file changes with StatReloader
[2025-12-02 12:50:11,826] INFO django.utils.autoreload: /home/ulrich/ALX_PRODEV/alx-backend-python/Django-Middleware-0x03/chats/models.py changed, reloading.
[2025-12-02 12:50:12,657] INFO django.utils.autoreload: Watching for file changes with StatReloader
[2025-12-02 12:51:15,101] INFO django.utils.autoreload: /home/ulrich/ALX_PRODEV/alx-backend-python/Django-Middleware-0x03/chats/middleware.py changed, reloading.
[2025-12-02 12:51:17,930] INFO django.utils.autoreload: Watching for file changes with StatReloader
[2025-12-02 12:52:03,834] INFO chats.middleware: Request Log: {'timestamp': '2025-12-02T12:52:03.834422+00:00', 'method': 'POST', 'path': '/api-auth/login/', 'status_code': 302, 'duration_ms': 1388, 'user_info': 'User ID: 96480cf1-e66c-4cf7-a1f4-8f1a5477ba1c, Email: admin@admin.com', 'remote_addr': '127.0.0.1'}
[2025-12-02 12:52:03,939] INFO django.server: "POST /api-auth/login/ HTTP/1.1" 302 0
[2025-12-02 12:52:04,002] INFO chats.middleware: Request Log: {'timestamp': '2025-12-02T12:52:04.002117+00:00', 'method': 'GET', 'path': '/accounts/profile/', 'status_code': 404, 'duration_ms': 49, 'user_info': 'User ID: 96480cf1-e66c-4cf7-a1f4-8f1a5477ba1c, Email: admin@admin.com', 'remote_addr': '127.0.0.1'}
[2025-12-02 12:52:04,003] WARNING django.server: "GET /accounts/profile/ HTTP/1.1" 404 2879
[2025-12-02 12:52:04,281] INFO chats.middleware: Request Log: {'timestamp': '2025-12-02T12:52:04.281385+00:00', 'method': 'GET', 'path': '/favicon.ico', 'status_code': 404, 'duration_ms': 6, 'user_info': 'User ID: 96480cf1-e66c-4cf7-a1f4-8f1a5477ba1c, Email: admin@admin.com', 'remote_addr': '127.0.0.1'}
[2025-12-02 12:52:04,283] WARNING django.server: "GET /favicon.ico HTTP/1.1" 404 2861
[2025-12-02 12:52:57,024] INFO chats.middleware: Request Log: {'timestamp': '2025-12-02T12:52:57.024733+00:00', 'method': 'GET', 'path': '/api/', 'status_code': 200, 'duration_ms': 67, 'user_info': 'User ID: 96480cf1-e66c-4cf7-a1f4-8f1a5477ba1c, Email: admin@admin.com', 'remote_addr': '127.0.0.1'}
[2025-12-02 12:52:57,026] INFO django.server: "GET /api/ HTTP/1.1" 200 6036
[2025-12-02 12:53:01,780] INFO chats.middleware: Request Log: {'timestamp': '2025-12-02T12:53:01.780316+00:00', 'method': 'GET', 'path': '/api/conversations/', 'status_code': 200, 'duration_ms': 167, 'user_info': 'User ID: 96480cf1-e66c-4cf7-a1f4-8f1a5477ba1c, Email: admin@admin.com', 'remote_addr': '127.0.0.1'}
[2025-12-02 12:53:01,782] INFO django.server: "GET /api/conversations/ HTTP/1.1" 200 10624
[2025-12-02 12:53:02,056] INFO django.server: "GET /static/rest_framework/fonts/glyphicons-halflings-regular.woff2 HTTP/1.1" 200 18028
[2025-12-02 12:54:55,732] INFO django.utils.autoreload: /home/ulrich/ALX_PRODEV/alx-backend-python/Django-Middleware-0x03/chats/middleware.py changed, reloading.
[2025-12-02 12:54:56,584] INFO django.utils.autoreload: Watching for file changes with StatReloader
[2025-12-02 21:27:38,981] INFO django.utils.autoreload: Watching for file changes with StatReloader
[2025-12-03 05:43:57,117] INFO django.utils.autoreload: Watching for file changes with StatReloader
[2025-12-03 05:46:11,213] ERROR django.request: Internal Server Error: /
Traceback (most recent call last):
  File "/home/ulrich/ALX_PRODEV/alx-backend-python/messaging_app/messaging-env/lib/python3.12/site-packages/django/core/handlers/exception.py", line 55, in inner
    response = get_response(request)
               ^^^^^^^^^^^^^^^^^^^^^
  File "/home/ulrich/ALX_PRODEV/alx-backend-python/Django-Middleware-0x03/chats/middleware.py", line 19, in __call__
    start_time = time.time()
                 ^^^^^^^^^
AttributeError: type object 'datetime.time' has no attribute 'time'
[2025-12-03 05:46:11,216] ERROR django.server: "GET / HTTP/1.1" 500 68304
[2025-12-03 05:46:15,565] ERROR django.request: Internal Server Error: /favicon.ico
Traceback (most recent call last):
  File "/home/ulrich/ALX_PRODEV/alx-backend-python/messaging_app/messaging-env/lib/python3.12/site-packages/django/core/handlers/exception.py", line 55, in inner
    response = get_response(request)
               ^^^^^^^^^^^^^^^^^^^^^
  File "/home/ulrich/ALX_PRODEV/alx-backend-python/Django-Middleware-0x03/chats/middleware.py", line 19, in __call__
    start_time = time.time()
                 ^^^^^^^^^
AttributeError: type object 'datetime.time' has no attribute 'time'
[2025-12-03 05:46:15,566] ERROR django.server: "GET /favicon.ico HTTP/1.1" 500 68281
[2025-12-03 05:47:23,274] INFO django.utils.autoreload: /home/ulrich/ALX_PRODEV/alx-backend-python/Django-Middleware-0x03/chats/middleware.py changed, reloading.
[2025-12-03 05:47:24,977] INFO django.utils.autoreload: Watching for file changes with StatReloader
[2025-12-03 05:47:37,814] ERROR django.request: Internal Server Error: /
Traceback (most recent call last):
  File "/home/ulrich/ALX_PRODEV/alx-backend-python/messaging_app/messaging-env/lib/python3.12/site-packages/django/core/handlers/exception.py", line 55, in inner
    response = get_response(request)
               ^^^^^^^^^^^^^^^^^^^^^
  File "/home/ulrich/ALX_PRODEV/alx-backend-python/Django-Middleware-0x03/chats/middleware.py", line 19, in __call__
    start_time = time.time()
                 ^^^^^^^^^
AttributeError: type object 'datetime.time' has no attribute 'time'
[2025-12-03 05:47:37,816] ERROR django.server: "GET / HTTP/1.1" 500 68304
[2025-12-03 05:47:45,382] INFO django.utils.autoreload: /home/ulrich/ALX_PRODEV/alx-backend-python/Django-Middleware-0x03/chats/middleware.py changed, reloading.
[2025-12-03 05:47:46,106] INFO django.utils.autoreload: Watching for file changes with StatReloader
[2025-12-03 05:48:53,405] INFO django.utils.autoreload: /home/ulrich/ALX_PRODEV/alx-backend-python/Django-Middleware-0x03/chats/middleware.py changed, reloading.
[2025-12-03 05:48:54,028] INFO django.utils.autoreload: Watching for file changes with StatReloader
[2025-12-03 05:49:20,236] INFO django.utils.autoreload: /home/ulrich/ALX_PRODEV/alx-backend-python/Django-Middleware-0x03/chats/middleware.py changed, reloading.
[2025-12-03 05:49:20,842] INFO django.utils.autoreload: Watching for file changes with StatReloader
[2025-12-03 05:49:23,401] INFO django.utils.autoreload: /home/ulrich/ALX_PRODEV/alx-backend-python/Django-Middleware-0x03/chats/middleware.py changed, reloading.
[2025-12-03 05:49:23,974] INFO django.utils.autoreload: Watching for file changes with StatReloader
[2025-12-03 05:49:26,603] INFO django.utils.autoreload: /home/ulrich/ALX_PRODEV/alx-backend-python/Django-Middleware-0x03/chats/middleware.py changed, reloading.
[2025-12-03 05:49:27,184] INFO django.utils.autoreload: Watching for file changes with StatReloader
[2025-12-03 05:49:37,900] INFO django.utils.autoreload: /home/ulrich/ALX_PRODEV/alx-backend-python/Django-Middleware-0x03/chats/middleware.py changed, reloading.
[2025-12-03 05:49:38,459] INFO django.utils.autoreload: Watching for file changes with StatReloader
[2025-12-03 05:55:24,855] INFO django.utils.autoreload: Watching for file changes with StatReloader
[2025-12-03 05:55:29,611] ERROR django.request: Internal Server Error: /
Traceback (most recent call last):
  File "/home/ulrich/ALX_PRODEV/alx-backend-python/messaging_app/messaging-env/lib/python3.12/site-packages/django/core/handlers/exception.py", line 55, in inner
    response = get_response(request)
               ^^^^^^^^^^^^^^^^^^^^^
  File "/home/ulrich/ALX_PRODEV/alx-backend-python/Django-Middleware-0x03/chats/middleware.py", line 19, in __call__
    start_time = time.time()
                 ^^^^^^^^^
AttributeError: type object 'datetime.time' has no attribute 'time'
[2025-12-03 05:55:29,613] ERROR django.server: "GET / HTTP/1.1" 500 68302
[2025-12-03 05:55:33,696] ERROR django.request: Internal Server Error: /
Traceback (most recent call last):
  File "/home/ulrich/ALX_PRODEV/alx-backend-python/messaging_app/messaging-env/lib/python3.12/site-packages/django/core/handlers/exception.py", line 55, in inner
    response = get_response(request)
               ^^^^^^^^^^^^^^^^^^^^^
  File "/home/ulrich/ALX_PRODEV/alx-backend-python/Django-Middleware-0x03/chats/middleware.py", line 19, in __call__
    start_time = time.time()
                 ^^^^^^^^^
AttributeError: type object 'datetime.time' has no attribute 'time'
[2025-12-03 05:55:33,698] ERROR django.server: "GET / HTTP/1.1" 500 68302
[2025-12-03 06:22:56,204] INFO django.utils.autoreload: /home/ulrich/ALX_PRODEV/alx-backend-python/Django-Middleware-0x03/messaging_app/settings.py changed, reloading.
